[    3961ms] [WARNING] [LeanMonaco]: There can only be one active LeanMonaco instance at a time. Disposing previous instance. @ http://localhost:3000/node_modules/.vite/deps/lean4monaco.js?v=76aec93e:25134
[    4919ms] [WARNING] No connection to Lean @ http://localhost:3000/src/components/infoview/goals.tsx:437
[    4919ms] [WARNING] No connection to Lean @ http://localhost:3000/src/components/infoview/goals.tsx:437
[    5162ms] [WARNING] No connection to Lean @ http://localhost:3000/src/components/infoview/goals.tsx:437
[    6607ms] [WARNING] No connection to Lean @ http://localhost:3000/src/components/infoview/goals.tsx:437
[   31346ms] [WARNING] file closed @ http://localhost:3000/src/components/infoview/goals.tsx?t=1774745469966:438
[   31348ms] [WARNING] file closed @ http://localhost:3000/src/components/infoview/goals.tsx?t=1774745469966:438
[   31941ms] [ERROR] The file worker for file:///Users/hoxide/mycodes/AbstractAlgebra/Game/Metadata.lean has been terminated. @ http://localhost:3000/node_modules/.vite/deps/chunk-S5QSDBI7.js?v=76aec93e:62640
[   31953ms] [ERROR] The file worker for file:///Users/hoxide/mycodes/AbstractAlgebra/Game/Metadata.lean has been terminated. @ http://localhost:3000/node_modules/.vite/deps/chunk-S5QSDBI7.js?v=76aec93e:62640
[   31954ms] [WARNING] _ResponseError: The file worker for file:///Users/hoxide/mycodes/AbstractAlgebra/Game/Metadata.lean has been terminated.
    at handleResponse (http://localhost:3000/node_modules/.vite/deps/chunk-BXMP2DV4.js?v=76aec93e:2069:40)
    at handleMessage (http://localhost:3000/node_modules/.vite/deps/chunk-BXMP2DV4.js?v=76aec93e:1879:11)
    at Object.handleMessage (http://localhost:3000/node_modules/.vite/deps/chunk-52RNCBML.js?v=76aec93e:51734:19)
    at processMessageQueue (http://localhost:3000/node_modules/.vite/deps/chunk-BXMP2DV4.js?v=76aec93e:1892:29)
    at http://localhost:3000/node_modules/.vite/deps/chunk-BXMP2DV4.js?v=76aec93e:1870:11 @ http://localhost:3000/src/components/infoview/goals.tsx:441
[   31957ms] [ERROR] The file worker for file:///Users/hoxide/mycodes/AbstractAlgebra/Game/Metadata.lean has been terminated. @ http://localhost:3000/node_modules/.vite/deps/chunk-S5QSDBI7.js?v=76aec93e:62640
[   31964ms] [ERROR] The file worker for file:///Users/hoxide/mycodes/AbstractAlgebra/Game/Metadata.lean has been terminated. @ http://localhost:3000/node_modules/.vite/deps/chunk-S5QSDBI7.js?v=76aec93e:62640
[   32029ms] [ERROR] Warning: You are calling ReactDOMClient.createRoot() on a container that has already been passed to createRoot() before. Instead, call root.render() on the existing root instead if you want to update it. @ http://localhost:3000/node_modules/.vite/deps/chunk-2KSAEFRG.js?v=76aec93e:7395
[   32237ms] [WARNING] [LeanMonaco]: There can only be one active LeanMonaco instance at a time. Disposing previous instance. @ http://localhost:3000/node_modules/.vite/deps/lean4monaco.js?v=76aec93e:25134
[   32278ms] TypeError: this.webviewPanel?.dispose is not a function
    at _InfoProvider.dispose (http://localhost:3000/node_modules/.vite/deps/lean4monaco.js?v=76aec93e:22189:24)
    at _LeanMonaco.dispose (http://localhost:3000/node_modules/.vite/deps/lean4monaco.js?v=76aec93e:25370:24)
    at http://localhost:3000/src/app.tsx?t=1774745469966:43:38
    at safelyCallDestroy (http://localhost:3000/node_modules/.vite/deps/chunk-2KSAEFRG.js?v=76aec93e:23639:13)
    at commitHookEffectListUnmount (http://localhost:3000/node_modules/.vite/deps/chunk-2KSAEFRG.js?v=76aec93e:23766:19)
    at invokePassiveEffectUnmountInDEV (http://localhost:3000/node_modules/.vite/deps/chunk-2KSAEFRG.js?v=76aec93e:25256:19)
    at invokeEffectsInDev (http://localhost:3000/node_modules/.vite/deps/chunk-2KSAEFRG.js?v=76aec93e:26597:19)
    at commitDoubleInvokeEffectsInDEV (http://localhost:3000/node_modules/.vite/deps/chunk-2KSAEFRG.js?v=76aec93e:26578:15)
    at flushPassiveEffectsImpl (http://localhost:3000/node_modules/.vite/deps/chunk-2KSAEFRG.js?v=76aec93e:26399:13)
    at flushPassiveEffects (http://localhost:3000/node_modules/.vite/deps/chunk-2KSAEFRG.js?v=76aec93e:26343:22)
[   32327ms] [WARNING] [LeanMonaco]: There can only be one active LeanMonaco instance at a time. Disposing previous instance. @ http://localhost:3000/node_modules/.vite/deps/lean4monaco.js?v=76aec93e:25134
[   32330ms] [ERROR] The above error occurred in the <App> component:

    at App (http://localhost:3000/src/app.tsx?t=1774745469966:22:16)
    at ErrorBoundary (http://localhost:3000/src/error/ErrorBoundary.tsx:30:9)
    at Router (http://localhost:3000/src/index.tsx?t=1774745469960:21:22)

React will try to recreate this component tree from scratch using the error boundary you provided, ErrorBoundary. @ http://localhost:3000/node_modules/.vite/deps/chunk-2KSAEFRG.js?v=76aec93e:20938
[   32330ms] [ERROR] ErrorBoundary caught an error: TypeError: this.webviewPanel?.dispose is not a function
    at _InfoProvider.dispose (http://localhost:3000/node_modules/.vite/deps/lean4monaco.js?v=76aec93e:22189:24)
    at _LeanMonaco.dispose (http://localhost:3000/node_modules/.vite/deps/lean4monaco.js?v=76aec93e:25370:24)
    at http://localhost:3000/src/app.tsx?t=1774745469966:43:38
    at safelyCallDestroy (http://localhost:3000/node_modules/.vite/deps/chunk-2KSAEFRG.js?v=76aec93e:23639:13)
    at commitHookEffectListUnmount (http://localhost:3000/node_modules/.vite/deps/chunk-2KSAEFRG.js?v=76aec93e:23766:19)
    at invokePassiveEffectUnmountInDEV (http://localhost:3000/node_modules/.vite/deps/chunk-2KSAEFRG.js?v=76aec93e:25256:19)
    at invokeEffectsInDev (http://localhost:3000/node_modules/.vite/deps/chunk-2KSAEFRG.js?v=76aec93e:26597:19)
    at commitDoubleInvokeEffectsInDEV (http://localhost:3000/node_modules/.vite/deps/chunk-2KSAEFRG.js?v=76aec93e:26578:15)
    at flushPassiveEffectsImpl (http://localhost:3000/node_modules/.vite/deps/chunk-2KSAEFRG.js?v=76aec93e:26399:13)
    at flushPassiveEffects (http://localhost:3000/node_modules/.vite/deps/chunk-2KSAEFRG.js?v=76aec93e:26343:22) @ http://localhost:3000/src/error/ErrorBoundary.tsx:17
[   32330ms] [ERROR] Component stack: 
    at App (http://localhost:3000/src/app.tsx?t=1774745469966:22:16)
    at ErrorBoundary (http://localhost:3000/src/error/ErrorBoundary.tsx:30:9)
    at Router (http://localhost:3000/src/index.tsx?t=1774745469960:21:22) @ http://localhost:3000/src/error/ErrorBoundary.tsx:18
[   32349ms] TypeError: this.webviewPanel?.dispose is not a function
    at _InfoProvider.dispose (http://localhost:3000/node_modules/.vite/deps/lean4monaco.js?v=76aec93e:22189:24)
    at _LeanMonaco.dispose (http://localhost:3000/node_modules/.vite/deps/lean4monaco.js?v=76aec93e:25370:24)
    at http://localhost:3000/src/app.tsx?t=1774745469966:43:38
    at safelyCallDestroy (http://localhost:3000/node_modules/.vite/deps/chunk-2KSAEFRG.js?v=76aec93e:23639:13)
    at commitHookEffectListUnmount (http://localhost:3000/node_modules/.vite/deps/chunk-2KSAEFRG.js?v=76aec93e:23766:19)
    at commitPassiveUnmountInsideDeletedTreeOnFiber (http://localhost:3000/node_modules/.vite/deps/chunk-2KSAEFRG.js?v=76aec93e:25176:17)
    at commitPassiveUnmountEffectsInsideOfDeletedTree_begin (http://localhost:3000/node_modules/.vite/deps/chunk-2KSAEFRG.js?v=76aec93e:25138:13)
    at commitPassiveUnmountEffects_begin (http://localhost:3000/node_modules/.vite/deps/chunk-2KSAEFRG.js?v=76aec93e:25074:19)
    at commitPassiveUnmountEffects (http://localhost:3000/node_modules/.vite/deps/chunk-2KSAEFRG.js?v=76aec93e:25062:11)
    at flushPassiveEffectsImpl (http://localhost:3000/node_modules/.vite/deps/chunk-2KSAEFRG.js?v=76aec93e:26385:11)
[   32332ms] [ERROR] The above error occurred in the <App> component:

    at App (http://localhost:3000/src/app.tsx?t=1774745469966:22:16)

React will try to recreate this component tree from scratch using the error boundary you provided, ErrorBoundary. @ http://localhost:3000/node_modules/.vite/deps/chunk-2KSAEFRG.js?v=76aec93e:20938
[   32332ms] [ERROR] ErrorBoundary caught an error: TypeError: this.webviewPanel?.dispose is not a function
    at _InfoProvider.dispose (http://localhost:3000/node_modules/.vite/deps/lean4monaco.js?v=76aec93e:22189:24)
    at _LeanMonaco.dispose (http://localhost:3000/node_modules/.vite/deps/lean4monaco.js?v=76aec93e:25370:24)
    at http://localhost:3000/src/app.tsx?t=1774745469966:43:38
    at safelyCallDestroy (http://localhost:3000/node_modules/.vite/deps/chunk-2KSAEFRG.js?v=76aec93e:23639:13)
    at commitHookEffectListUnmount (http://localhost:3000/node_modules/.vite/deps/chunk-2KSAEFRG.js?v=76aec93e:23766:19)
    at commitPassiveUnmountInsideDeletedTreeOnFiber (http://localhost:3000/node_modules/.vite/deps/chunk-2KSAEFRG.js?v=76aec93e:25176:17)
    at commitPassiveUnmountEffectsInsideOfDeletedTree_begin (http://localhost:3000/node_modules/.vite/deps/chunk-2KSAEFRG.js?v=76aec93e:25138:13)
    at commitPassiveUnmountEffects_begin (http://localhost:3000/node_modules/.vite/deps/chunk-2KSAEFRG.js?v=76aec93e:25074:19)
    at commitPassiveUnmountEffects (http://localhost:3000/node_modules/.vite/deps/chunk-2KSAEFRG.js?v=76aec93e:25062:11)
    at flushPassiveEffectsImpl (http://localhost:3000/node_modules/.vite/deps/chunk-2KSAEFRG.js?v=76aec93e:26385:11) @ http://localhost:3000/src/error/ErrorBoundary.tsx:17
[   32332ms] [ERROR] Component stack: 
    at App (http://localhost:3000/src/app.tsx?t=1774745469966:22:16) @ http://localhost:3000/src/error/ErrorBoundary.tsx:18
[   32358ms] [WARNING] [LeanMonaco]: There can only be one active LeanMonaco instance at a time. Disposing previous instance. @ http://localhost:3000/node_modules/.vite/deps/lean4monaco.js?v=76aec93e:25134
[   32362ms] [WARNING] [LeanMonaco]: There can only be one active LeanMonaco instance at a time. Disposing previous instance. @ http://localhost:3000/node_modules/.vite/deps/lean4monaco.js?v=76aec93e:25134
[   32596ms] Error: trying to unsubscribe from '$/game/loading' with no active subscriptions
    at Object.unsubscribeServerNotifications (http://localhost:3000/node_modules/.vite/deps/lean4monaco.js?v=76aec93e:21931:15)
    at http://localhost:3000/@fs/Users/hoxide/mycodes/lean4game/node_modules/vscode-lean4/lean4-infoview/src/infoview/util.ts?v=76aec93e:86:25
    at safelyCallDestroy (http://localhost:3000/node_modules/.vite/deps/chunk-2KSAEFRG.js?v=76aec93e:23639:13)
    at commitHookEffectListUnmount (http://localhost:3000/node_modules/.vite/deps/chunk-2KSAEFRG.js?v=76aec93e:23766:19)
    at commitPassiveUnmountOnFiber (http://localhost:3000/node_modules/.vite/deps/chunk-2KSAEFRG.js?v=76aec93e:25125:17)
    at commitPassiveUnmountEffects_complete (http://localhost:3000/node_modules/.vite/deps/chunk-2KSAEFRG.js?v=76aec93e:25106:15)
    at commitPassiveUnmountEffects_begin (http://localhost:3000/node_modules/.vite/deps/chunk-2KSAEFRG.js?v=76aec93e:25097:15)
    at commitPassiveUnmountEffects (http://localhost:3000/node_modules/.vite/deps/chunk-2KSAEFRG.js?v=76aec93e:25062:11)
    at flushPassiveEffectsImpl (http://localhost:3000/node_modules/.vite/deps/chunk-2KSAEFRG.js?v=76aec93e:26385:11)
    at flushPassiveEffects (http://localhost:3000/node_modules/.vite/deps/chunk-2KSAEFRG.js?v=76aec93e:26343:22)
[   32597ms] Error: trying to unsubscribe from 'textDocument/publishDiagnostics' with no active subscriptions
    at Object.unsubscribeServerNotifications (http://localhost:3000/node_modules/.vite/deps/lean4monaco.js?v=76aec93e:21931:15)
    at http://localhost:3000/@fs/Users/hoxide/mycodes/lean4game/node_modules/vscode-lean4/lean4-infoview/src/infoview/util.ts?v=76aec93e:86:25
    at safelyCallDestroy (http://localhost:3000/node_modules/.vite/deps/chunk-2KSAEFRG.js?v=76aec93e:23639:13)
    at commitHookEffectListUnmount (http://localhost:3000/node_modules/.vite/deps/chunk-2KSAEFRG.js?v=76aec93e:23766:19)
    at commitPassiveUnmountOnFiber (http://localhost:3000/node_modules/.vite/deps/chunk-2KSAEFRG.js?v=76aec93e:25125:17)
    at commitPassiveUnmountEffects_complete (http://localhost:3000/node_modules/.vite/deps/chunk-2KSAEFRG.js?v=76aec93e:25106:15)
    at commitPassiveUnmountEffects_begin (http://localhost:3000/node_modules/.vite/deps/chunk-2KSAEFRG.js?v=76aec93e:25097:15)
    at commitPassiveUnmountEffects (http://localhost:3000/node_modules/.vite/deps/chunk-2KSAEFRG.js?v=76aec93e:25062:11)
    at flushPassiveEffectsImpl (http://localhost:3000/node_modules/.vite/deps/chunk-2KSAEFRG.js?v=76aec93e:26385:11)
    at flushPassiveEffects (http://localhost:3000/node_modules/.vite/deps/chunk-2KSAEFRG.js?v=76aec93e:26343:22)
[   32598ms] Error: trying to unsubscribe from '$/game/loading' with no active subscriptions
    at Object.unsubscribeServerNotifications (http://localhost:3000/node_modules/.vite/deps/lean4monaco.js?v=76aec93e:21931:15)
    at http://localhost:3000/@fs/Users/hoxide/mycodes/lean4game/node_modules/vscode-lean4/lean4-infoview/src/infoview/util.ts?v=76aec93e:86:25
    at safelyCallDestroy (http://localhost:3000/node_modules/.vite/deps/chunk-2KSAEFRG.js?v=76aec93e:23639:13)
    at commitHookEffectListUnmount (http://localhost:3000/node_modules/.vite/deps/chunk-2KSAEFRG.js?v=76aec93e:23766:19)
    at commitPassiveUnmountOnFiber (http://localhost:3000/node_modules/.vite/deps/chunk-2KSAEFRG.js?v=76aec93e:25125:17)
    at commitPassiveUnmountEffects_complete (http://localhost:3000/node_modules/.vite/deps/chunk-2KSAEFRG.js?v=76aec93e:25106:15)
    at commitPassiveUnmountEffects_begin (http://localhost:3000/node_modules/.vite/deps/chunk-2KSAEFRG.js?v=76aec93e:25097:15)
    at commitPassiveUnmountEffects (http://localhost:3000/node_modules/.vite/deps/chunk-2KSAEFRG.js?v=76aec93e:25062:11)
    at flushPassiveEffectsImpl (http://localhost:3000/node_modules/.vite/deps/chunk-2KSAEFRG.js?v=76aec93e:26385:11)
    at flushPassiveEffects (http://localhost:3000/node_modules/.vite/deps/chunk-2KSAEFRG.js?v=76aec93e:26343:22)
[   32599ms] TypeError: this.webviewPanel?.dispose is not a function
    at _InfoProvider.dispose (http://localhost:3000/node_modules/.vite/deps/lean4monaco.js?v=76aec93e:22189:24)
    at _LeanMonaco.dispose (http://localhost:3000/node_modules/.vite/deps/lean4monaco.js?v=76aec93e:25370:24)
    at _LeanMonaco.start (http://localhost:3000/node_modules/.vite/deps/lean4monaco.js?v=76aec93e:25136:35)
    at http://localhost:3000/src/app.tsx?t=1774745469966:38:31
    at http://localhost:3000/src/app.tsx?t=1774745469966:40:11
    at commitHookEffectListMount (http://localhost:3000/node_modules/.vite/deps/chunk-2KSAEFRG.js?v=76aec93e:23806:34)
    at commitPassiveMountOnFiber (http://localhost:3000/node_modules/.vite/deps/chunk-2KSAEFRG.js?v=76aec93e:25049:19)
    at commitPassiveMountEffects_complete (http://localhost:3000/node_modules/.vite/deps/chunk-2KSAEFRG.js?v=76aec93e:25022:17)
    at commitPassiveMountEffects_begin (http://localhost:3000/node_modules/.vite/deps/chunk-2KSAEFRG.js?v=76aec93e:25012:15)
    at commitPassiveMountEffects (http://localhost:3000/node_modules/.vite/deps/chunk-2KSAEFRG.js?v=76aec93e:25002:11)
[   32640ms] Error: command 'lean4.input.convert' already exists
    at ExtHostCommands2.registerCommand (http://localhost:3000/node_modules/.vite/deps/chunk-52RNCBML.js?v=76aec93e:26188:13)
    at Proxy.registerTextEditorCommand (http://localhost:3000/node_modules/.vite/deps/chunk-52RNCBML.js?v=76aec93e:48016:32)
    at new AbbreviationRewriterFeature (http://localhost:3000/node_modules/.vite/deps/lean4monaco.js?v=76aec93e:22649:36)
    at new AbbreviationFeature (http://localhost:3000/node_modules/.vite/deps/lean4monaco.js?v=76aec93e:22744:139)
    at _LeanMonaco.start (http://localhost:3000/node_modules/.vite/deps/lean4monaco.js?v=76aec93e:25214:32)
    at async http://localhost:3000/src/app.tsx?t=1774745469966:38:13
[   32663ms] TypeError: Cannot read properties of null (reading 'getFullModelRange')
    at http://localhost:3000/src/components/infoview/typewriter.tsx?t=1774745469966:109:53
    at http://localhost:3000/@fs/Users/hoxide/mycodes/lean4game/node_modules/vscode-lean4/lean4-infoview/src/infoview/util.ts?v=76aec93e:82:13
    at EventEmitter.fire (http://localhost:3000/@fs/Users/hoxide/mycodes/lean4game/node_modules/vscode-lean4/lean4-infoview/src/infoview/event.ts?v=76aec93e:19:13)
    at Object.gotServerNotification (http://localhost:3000/src/components/level.tsx?t=1774745469966:287:60)
    at UniqueContainer.value (http://localhost:3000/node_modules/.vite/deps/lean4monaco.js?v=76aec93e:21845:35)
    at Emitter._deliver (http://localhost:3000/node_modules/.vite/deps/chunk-6WEP44F2.js?v=76aec93e:2971:20)
    at Emitter._deliverQueue (http://localhost:3000/node_modules/.vite/deps/chunk-6WEP44F2.js?v=76aec93e:2979:16)
    at Emitter.fire (http://localhost:3000/node_modules/.vite/deps/chunk-6WEP44F2.js?v=76aec93e:2995:16)
    at Object.handleDiagnostics (http://localhost:3000/node_modules/.vite/deps/lean4monaco.js?v=76aec93e:21434:35)
    at http://localhost:3000/node_modules/.vite/deps/chunk-ZC3HOP2S.js?v=76aec93e:9765:26
[   32795ms] [ERROR] The file worker for file:///Users/hoxide/mycodes/AbstractAlgebra/Game/Metadata.lean has been terminated. @ http://localhost:3000/node_modules/.vite/deps/chunk-S5QSDBI7.js?v=76aec93e:62640
[   32797ms] [WARNING] _ResponseError: The file worker for file:///Users/hoxide/mycodes/AbstractAlgebra/Game/Metadata.lean has been terminated.
    at handleResponse (http://localhost:3000/node_modules/.vite/deps/chunk-BXMP2DV4.js?v=76aec93e:2069:40)
    at handleMessage (http://localhost:3000/node_modules/.vite/deps/chunk-BXMP2DV4.js?v=76aec93e:1879:11)
    at Object.handleMessage (http://localhost:3000/node_modules/.vite/deps/chunk-52RNCBML.js?v=76aec93e:51734:19)
    at processMessageQueue (http://localhost:3000/node_modules/.vite/deps/chunk-BXMP2DV4.js?v=76aec93e:1892:29)
    at http://localhost:3000/node_modules/.vite/deps/chunk-BXMP2DV4.js?v=76aec93e:1870:11 @ http://localhost:3000/src/components/infoview/goals.tsx?t=1774745469966:438
[   32813ms] Error: trying to unsubscribe from 'textDocument/didClose' with no active subscriptions
    at Object.unsubscribeClientNotifications (http://localhost:3000/node_modules/.vite/deps/lean4monaco.js?v=76aec93e:21968:15)
    at http://localhost:3000/@fs/Users/hoxide/mycodes/lean4game/node_modules/vscode-lean4/lean4-infoview/src/infoview/util.ts?v=76aec93e:110:25
    at safelyCallDestroy (http://localhost:3000/node_modules/.vite/deps/chunk-2KSAEFRG.js?v=76aec93e:23639:13)
    at commitHookEffectListUnmount (http://localhost:3000/node_modules/.vite/deps/chunk-2KSAEFRG.js?v=76aec93e:23766:19)
    at commitPassiveUnmountOnFiber (http://localhost:3000/node_modules/.vite/deps/chunk-2KSAEFRG.js?v=76aec93e:25125:17)
    at commitPassiveUnmountEffects_complete (http://localhost:3000/node_modules/.vite/deps/chunk-2KSAEFRG.js?v=76aec93e:25106:15)
    at commitPassiveUnmountEffects_begin (http://localhost:3000/node_modules/.vite/deps/chunk-2KSAEFRG.js?v=76aec93e:25097:15)
    at commitPassiveUnmountEffects (http://localhost:3000/node_modules/.vite/deps/chunk-2KSAEFRG.js?v=76aec93e:25062:11)
    at flushPassiveEffectsImpl (http://localhost:3000/node_modules/.vite/deps/chunk-2KSAEFRG.js?v=76aec93e:26385:11)
    at flushPassiveEffects (http://localhost:3000/node_modules/.vite/deps/chunk-2KSAEFRG.js?v=76aec93e:26343:22)
[   32822ms] Error: trying to unsubscribe from '$/lean/fileProgress' with no active subscriptions
    at Object.unsubscribeServerNotifications (http://localhost:3000/node_modules/.vite/deps/lean4monaco.js?v=76aec93e:21931:15)
    at http://localhost:3000/@fs/Users/hoxide/mycodes/lean4game/node_modules/vscode-lean4/lean4-infoview/src/infoview/util.ts?v=76aec93e:86:25
    at safelyCallDestroy (http://localhost:3000/node_modules/.vite/deps/chunk-2KSAEFRG.js?v=76aec93e:23639:13)
    at commitHookEffectListUnmount (http://localhost:3000/node_modules/.vite/deps/chunk-2KSAEFRG.js?v=76aec93e:23766:19)
    at commitPassiveUnmountOnFiber (http://localhost:3000/node_modules/.vite/deps/chunk-2KSAEFRG.js?v=76aec93e:25125:17)
    at commitPassiveUnmountEffects_complete (http://localhost:3000/node_modules/.vite/deps/chunk-2KSAEFRG.js?v=76aec93e:25106:15)
    at commitPassiveUnmountEffects_begin (http://localhost:3000/node_modules/.vite/deps/chunk-2KSAEFRG.js?v=76aec93e:25097:15)
    at commitPassiveUnmountEffects (http://localhost:3000/node_modules/.vite/deps/chunk-2KSAEFRG.js?v=76aec93e:25062:11)
    at flushPassiveEffectsImpl (http://localhost:3000/node_modules/.vite/deps/chunk-2KSAEFRG.js?v=76aec93e:26385:11)
    at flushPassiveEffects (http://localhost:3000/node_modules/.vite/deps/chunk-2KSAEFRG.js?v=76aec93e:26343:22)
[   32875ms] [ERROR] Cannot process request to closed file 'file:///Users/hoxide/mycodes/AbstractAlgebra/Game/Metadata.lean' @ http://localhost:3000/node_modules/.vite/deps/chunk-S5QSDBI7.js?v=76aec93e:62640
[   32878ms] [WARNING] _ResponseError: Cannot process request to closed file 'file:///Users/hoxide/mycodes/AbstractAlgebra/Game/Metadata.lean'
    at handleResponse (http://localhost:3000/node_modules/.vite/deps/chunk-BXMP2DV4.js?v=76aec93e:2069:40)
    at handleMessage (http://localhost:3000/node_modules/.vite/deps/chunk-BXMP2DV4.js?v=76aec93e:1879:11)
    at Object.handleMessage (http://localhost:3000/node_modules/.vite/deps/chunk-52RNCBML.js?v=76aec93e:51734:19)
    at processMessageQueue (http://localhost:3000/node_modules/.vite/deps/chunk-BXMP2DV4.js?v=76aec93e:1892:29)
    at http://localhost:3000/node_modules/.vite/deps/chunk-BXMP2DV4.js?v=76aec93e:1870:11 @ http://localhost:3000/src/components/infoview/goals.tsx?t=1774745469966:438
[   34646ms] [WARNING] [LeanMonaco]: There can only be one active LeanMonaco instance at a time. Disposing previous instance. @ http://localhost:3000/node_modules/.vite/deps/lean4monaco.js?v=76aec93e:25134
[   35450ms] [WARNING] No connection to Lean @ http://localhost:3000/src/components/infoview/goals.tsx?t=1774745469966:434
[   35450ms] [WARNING] No connection to Lean @ http://localhost:3000/src/components/infoview/goals.tsx?t=1774745469966:434
[   35717ms] [WARNING] No connection to Lean @ http://localhost:3000/src/components/infoview/goals.tsx?t=1774745469966:434
[   37294ms] [WARNING] No connection to Lean @ http://localhost:3000/src/components/infoview/goals.tsx?t=1774745469966:434
[   40190ms] [ERROR] Client Monaco Wrapper Language Client: connection to server is erroring.
Reader received error. Reason: Error during socket reconnect: code = 1006, reason = 
Shutting down server. @ http://localhost:3000/node_modules/.vite/deps/chunk-S5QSDBI7.js?v=76aec93e:62640
[   40191ms] [ERROR] Pending response rejected since connection got disposed @ http://localhost:3000/node_modules/.vite/deps/chunk-S5QSDBI7.js?v=76aec93e:62640
[   40192ms] [ERROR] The Monaco Wrapper Language Client server crashed 1 times in the last 3 minutes. The server will not be restarted. See the output for more information. @ http://localhost:3000/node_modules/.vite/deps/chunk-S5QSDBI7.js?v=76aec93e:62640
[   40194ms] [ERROR] Monaco Wrapper Language Client client: couldn't create connection to server. @ http://localhost:3000/node_modules/.vite/deps/chunk-S5QSDBI7.js?v=76aec93e:62640
[   40197ms] [ERROR] WebSocket is already in CLOSING or CLOSED state. @ http://localhost:3000/node_modules/.vite/deps/chunk-52RNCBML.js?v=76aec93e:23861
[   40203ms] Error: Client is not running and can't be stopped. It's current state is: starting
    at MonacoLanguageClient.shutdown (http://localhost:3000/node_modules/.vite/deps/chunk-ZC3HOP2S.js?v=76aec93e:9629:17)
    at MonacoLanguageClient.stop (http://localhost:3000/node_modules/.vite/deps/chunk-ZC3HOP2S.js?v=76aec93e:9606:21)
    at http://localhost:3000/node_modules/.vite/deps/chunk-52RNCBML.js?v=76aec93e:24039:34
    at CallbackList.invoke (http://localhost:3000/node_modules/.vite/deps/chunk-52RNCBML.js?v=76aec93e:1045:35)
    at _Emitter.fire (http://localhost:3000/node_modules/.vite/deps/chunk-52RNCBML.js?v=76aec93e:1104:34)
    at WebSocketMessageReader.fireClose (http://localhost:3000/node_modules/.vite/deps/chunk-52RNCBML.js?v=76aec93e:1232:27)
    at WebSocketMessageReader.fireClose (http://localhost:3000/node_modules/.vite/deps/chunk-52RNCBML.js?v=76aec93e:23814:13)
    at http://localhost:3000/node_modules/.vite/deps/chunk-52RNCBML.js?v=76aec93e:23751:12
    at webSocket.onclose (http://localhost:3000/node_modules/.vite/deps/chunk-52RNCBML.js?v=76aec93e:23874:38)
[   40204ms] Error: Client is not running and can't be stopped. It's current state is: starting
    at MonacoLanguageClient.shutdown (http://localhost:3000/node_modules/.vite/deps/chunk-ZC3HOP2S.js?v=76aec93e:9629:17)
    at MonacoLanguageClient.stop (http://localhost:3000/node_modules/.vite/deps/chunk-ZC3HOP2S.js?v=76aec93e:9606:21)
    at MonacoLanguageClient.doInitialize (http://localhost:3000/node_modules/.vite/deps/chunk-ZC3HOP2S.js?v=76aec93e:9589:23)
    at async MonacoLanguageClient.start (http://localhost:3000/node_modules/.vite/deps/chunk-ZC3HOP2S.js?v=76aec93e:9464:11)
    at async LanguageClientWrapper.handleLanguageClientStart (http://localhost:3000/node_modules/.vite/deps/chunk-52RNCBML.js?v=76aec93e:24049:7)
[   40205ms] _ResponseError: Pending response rejected since connection got disposed
    at Object.dispose (http://localhost:3000/node_modules/.vite/deps/chunk-BXMP2DV4.js?v=76aec93e:2641:25)
    at Object.dispose (http://localhost:3000/node_modules/.vite/deps/chunk-ZC3HOP2S.js?v=76aec93e:10214:35)
    at MonacoLanguageClient.handleConnectionClosed (http://localhost:3000/node_modules/.vite/deps/chunk-ZC3HOP2S.js?v=76aec93e:9812:30)
    at closeHandler (http://localhost:3000/node_modules/.vite/deps/chunk-ZC3HOP2S.js?v=76aec93e:9800:16)
    at CallbackList.invoke (http://localhost:3000/node_modules/.vite/deps/chunk-BXMP2DV4.js?v=76aec93e:779:35)
    at _Emitter.fire (http://localhost:3000/node_modules/.vite/deps/chunk-BXMP2DV4.js?v=76aec93e:838:34)
    at closeHandler (http://localhost:3000/node_modules/.vite/deps/chunk-BXMP2DV4.js?v=76aec93e:1851:24)
    at CallbackList.invoke (http://localhost:3000/node_modules/.vite/deps/chunk-52RNCBML.js?v=76aec93e:1045:35)
    at _Emitter.fire (http://localhost:3000/node_modules/.vite/deps/chunk-52RNCBML.js?v=76aec93e:1104:34)
    at WebSocketMessageReader.fireClose (http://localhost:3000/node_modules/.vite/deps/chunk-52RNCBML.js?v=76aec93e:1232:27)
